<?xml version="1.0" encoding="UTF-8"?>
<!-- Generated by org.testng.reporters.JUnitXMLReporter -->
<testsuite hostname="sourceandroid" ignored="0" name="Test" tests="3" failures="0" timestamp="26 Apr 2019 14:37:11 GMT" time="45.084" errors="0">
  <testcase name="verifyLoginPageTitle" time="0.01" classname="com.qa.tests.LoginTest"/>
  <testcase name="verifyHomeLink" time="0.087" classname="com.qa.tests.LoginTest"/>
  <testcase name="loginTest" time="11.64" classname="com.qa.tests.LoginTest"/>
</testsuite> <!-- Test -->
