<?xml version="1.0" encoding="UTF-8"?>
<!-- Generated by org.testng.reporters.JUnitXMLReporter -->
<testsuite hostname="sourceandroid" ignored="0" name="Test" tests="9" failures="0" timestamp="18 Apr 2019 08:15:47 GMT" time="142.255" errors="0">
  <testcase name="verifyLoginPageTitle" time="0.032" classname="com.qa.tests.LoginTest"/>
  <testcase name="homePageTitleTest" time="0.025" classname="com.qa.tests.HomeTest"/>
  <testcase name="verifyProductDetails" time="2.949" classname="com.qa.tests.BeautyTest"/>
  <testcase name="verifySizeItem" time="4.8" classname="com.qa.tests.ProductDetailTest"/>
  <testcase name="verifyHomeLink" time="0.088" classname="com.qa.tests.LoginTest"/>
  <testcase name="verifyAddToCart" time="5.501" classname="com.qa.tests.ProductDetailTest"/>
  <testcase name="utailerLogoTest" time="0.048" classname="com.qa.tests.HomeTest"/>
  <testcase name="loginTest" time="11.674" classname="com.qa.tests.LoginTest"/>
  <testcase name="verifyBeautyLink" time="1.426" classname="com.qa.tests.HomeTest"/>
</testsuite> <!-- Test -->
