<?xml version="1.0" encoding="UTF-8"?>
<testng-results skipped="0" failed="0" ignored="0" total="9" passed="9">
  <reporter-output>
  </reporter-output>
  <suite name="Suite" duration-ms="142255" started-at="2019-04-18T08:13:25Z" finished-at="2019-04-18T08:15:47Z">
    <groups>
    </groups>
    <test name="Test" duration-ms="142255" started-at="2019-04-18T08:13:25Z" finished-at="2019-04-18T08:15:47Z">
      <class name="com.qa.tests.BeautyTest">
        <test-method status="PASS" signature="setUp()[pri:0, instance:com.qa.tests.BeautyTest@5c3bd550]" name="setUp" is-config="true" duration-ms="12095" started-at="2019-04-18T13:43:54Z" finished-at="2019-04-18T13:44:06Z">
          <reporter-output>
          </reporter-output>
        </test-method> <!-- setUp -->
        <test-method status="PASS" signature="verifyProductDetails()[pri:1, instance:com.qa.tests.BeautyTest@5c3bd550]" name="verifyProductDetails" duration-ms="2949" started-at="2019-04-18T13:44:06Z" finished-at="2019-04-18T13:44:09Z">
          <reporter-output>
          </reporter-output>
        </test-method> <!-- verifyProductDetails -->
        <test-method status="PASS" signature="tearDown()[pri:0, instance:com.qa.tests.BeautyTest@5c3bd550]" name="tearDown" is-config="true" duration-ms="580" started-at="2019-04-18T13:44:09Z" finished-at="2019-04-18T13:44:10Z">
          <reporter-output>
          </reporter-output>
        </test-method> <!-- tearDown -->
      </class> <!-- com.qa.tests.BeautyTest -->
      <class name="com.qa.tests.HomeTest">
        <test-method status="PASS" signature="setUp()[pri:0, instance:com.qa.tests.HomeTest@5e3a8624]" name="setUp" is-config="true" duration-ms="13627" started-at="2019-04-18T13:43:40Z" finished-at="2019-04-18T13:43:54Z">
          <reporter-output>
          </reporter-output>
        </test-method> <!-- setUp -->
        <test-method status="PASS" signature="homePageTitleTest()[pri:1, instance:com.qa.tests.HomeTest@5e3a8624]" name="homePageTitleTest" duration-ms="25" started-at="2019-04-18T13:43:54Z" finished-at="2019-04-18T13:43:54Z">
          <reporter-output>
          </reporter-output>
        </test-method> <!-- homePageTitleTest -->
        <test-method status="PASS" signature="tearDown()[pri:0, instance:com.qa.tests.HomeTest@5e3a8624]" name="tearDown" is-config="true" duration-ms="581" started-at="2019-04-18T13:43:54Z" finished-at="2019-04-18T13:43:54Z">
          <reporter-output>
          </reporter-output>
        </test-method> <!-- tearDown -->
        <test-method status="PASS" signature="setUp()[pri:0, instance:com.qa.tests.HomeTest@5e3a8624]" name="setUp" is-config="true" duration-ms="11236" started-at="2019-04-18T13:44:58Z" finished-at="2019-04-18T13:45:09Z">
          <reporter-output>
          </reporter-output>
        </test-method> <!-- setUp -->
        <test-method status="PASS" signature="utailerLogoTest()[pri:2, instance:com.qa.tests.HomeTest@5e3a8624]" name="utailerLogoTest" duration-ms="48" started-at="2019-04-18T13:45:09Z" finished-at="2019-04-18T13:45:09Z">
          <reporter-output>
          </reporter-output>
        </test-method> <!-- utailerLogoTest -->
        <test-method status="PASS" signature="tearDown()[pri:0, instance:com.qa.tests.HomeTest@5e3a8624]" name="tearDown" is-config="true" duration-ms="568" started-at="2019-04-18T13:45:09Z" finished-at="2019-04-18T13:45:10Z">
          <reporter-output>
          </reporter-output>
        </test-method> <!-- tearDown -->
        <test-method status="PASS" signature="setUp()[pri:0, instance:com.qa.tests.HomeTest@5e3a8624]" name="setUp" is-config="true" duration-ms="10985" started-at="2019-04-18T13:45:34Z" finished-at="2019-04-18T13:45:45Z">
          <reporter-output>
          </reporter-output>
        </test-method> <!-- setUp -->
        <test-method status="PASS" signature="verifyBeautyLink()[pri:3, instance:com.qa.tests.HomeTest@5e3a8624]" name="verifyBeautyLink" duration-ms="1426" started-at="2019-04-18T13:45:45Z" finished-at="2019-04-18T13:45:47Z">
          <reporter-output>
          </reporter-output>
        </test-method> <!-- verifyBeautyLink -->
        <test-method status="PASS" signature="tearDown()[pri:0, instance:com.qa.tests.HomeTest@5e3a8624]" name="tearDown" is-config="true" duration-ms="580" started-at="2019-04-18T13:45:47Z" finished-at="2019-04-18T13:45:47Z">
          <reporter-output>
          </reporter-output>
        </test-method> <!-- tearDown -->
      </class> <!-- com.qa.tests.HomeTest -->
      <class name="com.qa.tests.LoginTest">
        <test-method status="PASS" signature="setUp()[pri:0, instance:com.qa.tests.LoginTest@1bce4f0a]" name="setUp" is-config="true" duration-ms="14441" started-at="2019-04-18T13:43:25Z" finished-at="2019-04-18T13:43:39Z">
          <reporter-output>
          </reporter-output>
        </test-method> <!-- setUp -->
        <test-method status="PASS" signature="verifyLoginPageTitle()[pri:1, instance:com.qa.tests.LoginTest@1bce4f0a]" name="verifyLoginPageTitle" duration-ms="32" started-at="2019-04-18T13:43:39Z" finished-at="2019-04-18T13:43:39Z">
          <reporter-output>
          </reporter-output>
        </test-method> <!-- verifyLoginPageTitle -->
        <test-method status="PASS" signature="tearDown()[pri:0, instance:com.qa.tests.LoginTest@1bce4f0a]" name="tearDown" is-config="true" duration-ms="582" started-at="2019-04-18T13:43:39Z" finished-at="2019-04-18T13:43:40Z">
          <reporter-output>
          </reporter-output>
        </test-method> <!-- tearDown -->
        <test-method status="PASS" signature="setUp()[pri:0, instance:com.qa.tests.LoginTest@1bce4f0a]" name="setUp" is-config="true" duration-ms="11830" started-at="2019-04-18T13:44:27Z" finished-at="2019-04-18T13:44:39Z">
          <reporter-output>
          </reporter-output>
        </test-method> <!-- setUp -->
        <test-method status="PASS" signature="verifyHomeLink()[pri:2, instance:com.qa.tests.LoginTest@1bce4f0a]" name="verifyHomeLink" duration-ms="88" started-at="2019-04-18T13:44:39Z" finished-at="2019-04-18T13:44:39Z">
          <reporter-output>
          </reporter-output>
        </test-method> <!-- verifyHomeLink -->
        <test-method status="PASS" signature="tearDown()[pri:0, instance:com.qa.tests.LoginTest@1bce4f0a]" name="tearDown" is-config="true" duration-ms="603" started-at="2019-04-18T13:44:39Z" finished-at="2019-04-18T13:44:40Z">
          <reporter-output>
          </reporter-output>
        </test-method> <!-- tearDown -->
        <test-method status="PASS" signature="setUp()[pri:0, instance:com.qa.tests.LoginTest@1bce4f0a]" name="setUp" is-config="true" duration-ms="12054" started-at="2019-04-18T13:45:10Z" finished-at="2019-04-18T13:45:22Z">
          <reporter-output>
          </reporter-output>
        </test-method> <!-- setUp -->
        <test-method status="PASS" signature="loginTest()[pri:3, instance:com.qa.tests.LoginTest@1bce4f0a]" name="loginTest" duration-ms="11674" started-at="2019-04-18T13:45:22Z" finished-at="2019-04-18T13:45:34Z">
          <reporter-output>
          </reporter-output>
        </test-method> <!-- loginTest -->
        <test-method status="PASS" signature="tearDown()[pri:0, instance:com.qa.tests.LoginTest@1bce4f0a]" name="tearDown" is-config="true" duration-ms="586" started-at="2019-04-18T13:45:34Z" finished-at="2019-04-18T13:45:34Z">
          <reporter-output>
          </reporter-output>
        </test-method> <!-- tearDown -->
      </class> <!-- com.qa.tests.LoginTest -->
      <class name="com.qa.tests.ProductDetailTest">
        <test-method status="PASS" signature="setUp()[pri:0, instance:com.qa.tests.ProductDetailTest@91161c7]" name="setUp" is-config="true" duration-ms="11954" started-at="2019-04-18T13:44:10Z" finished-at="2019-04-18T13:44:22Z">
          <reporter-output>
          </reporter-output>
        </test-method> <!-- setUp -->
        <test-method status="PASS" signature="verifySizeItem()[pri:1, instance:com.qa.tests.ProductDetailTest@91161c7]" name="verifySizeItem" duration-ms="4800" started-at="2019-04-18T13:44:22Z" finished-at="2019-04-18T13:44:27Z">
          <reporter-output>
          </reporter-output>
        </test-method> <!-- verifySizeItem -->
        <test-method status="PASS" signature="tearDown()[pri:0, instance:com.qa.tests.ProductDetailTest@91161c7]" name="tearDown" is-config="true" duration-ms="614" started-at="2019-04-18T13:44:27Z" finished-at="2019-04-18T13:44:27Z">
          <reporter-output>
          </reporter-output>
        </test-method> <!-- tearDown -->
        <test-method status="PASS" signature="setUp()[pri:0, instance:com.qa.tests.ProductDetailTest@91161c7]" name="setUp" is-config="true" duration-ms="12154" started-at="2019-04-18T13:44:40Z" finished-at="2019-04-18T13:44:52Z">
          <reporter-output>
          </reporter-output>
        </test-method> <!-- setUp -->
        <test-method status="PASS" signature="verifyAddToCart()[pri:2, instance:com.qa.tests.ProductDetailTest@91161c7]" name="verifyAddToCart" duration-ms="5501" started-at="2019-04-18T13:44:52Z" finished-at="2019-04-18T13:44:57Z">
          <reporter-output>
          </reporter-output>
        </test-method> <!-- verifyAddToCart -->
        <test-method status="PASS" signature="tearDown()[pri:0, instance:com.qa.tests.ProductDetailTest@91161c7]" name="tearDown" is-config="true" duration-ms="588" started-at="2019-04-18T13:44:57Z" finished-at="2019-04-18T13:44:58Z">
          <reporter-output>
          </reporter-output>
        </test-method> <!-- tearDown -->
      </class> <!-- com.qa.tests.ProductDetailTest -->
    </test> <!-- Test -->
  </suite> <!-- Suite -->
</testng-results>
